* using log directory ‘/Users/kevin/SoupX/..Rcheck’
* using R version 4.5.1 (2025-06-13)
* using platform: aarch64-apple-darwin24.4.0
* R was compiled by
    Apple clang version 17.0.0 (clang-1700.0.13.3)
    GNU Fortran (Homebrew GCC 15.1.0) 15.1.0
* running under: macOS Sequoia 15.3.1
* using session charset: UTF-8
* using options ‘--no-tests --no-manual --no-vignettes’
* checking for file ‘./DESCRIPTION’ ... OK
* this is package ‘SoupX’ version ‘1.6.3’
* package encoding: UTF-8
* checking package namespace information ... OK
* checking package dependencies ... WARNING
Cannot process vignettes
Packages suggested but not available for checking:
  'testthat', 'Seurat', 'ggplot2', 'knitr'

VignetteBuilder package required for checking but not installed: ‘knitr’
* checking if this is a source package ... OK
* checking if there is a namespace ... OK
* checking for executable files ... OK
* checking for hidden files and directories ... NOTE
Found the following hidden files and directories:
  .gitignore
  inst/.DS_Store
  inst/extdata/.DS_Store
  inst/extdata/toyData/.DS_Store
  inst/extdata/toyData/filtered_gene_bc_matrices/.DS_Store
  inst/extdata/toyData/raw_gene_bc_matrices/.DS_Store
  ..Rcheck
  .git
  .github
These were most likely included in error. See section ‘Package
structure’ in the ‘Writing R Extensions’ manual.
* checking for portable file names ... OK
* checking for sufficient/correct file permissions ... OK
* checking whether package ‘SoupX’ can be installed ... OK
* checking installed package size ... INFO
  installed size is 25.2Mb
  sub-directories of 1Mb or more:
    data      5.0Mb
    doc       1.0Mb
    extdata  19.0Mb
* checking package directory ... OK
* checking DESCRIPTION meta-information ... NOTE
Checking should be performed on sources prepared by ‘R CMD build’.
* checking top-level files ... OK
* checking for left-over files ... OK
* checking index information ... OK
* checking package subdirectories ... WARNING
Found the following directory with the name of a check directory:
  ./..Rcheck
Most likely, these were included erroneously.
* checking code files for non-ASCII characters ... OK
* checking R files for syntax errors ... OK
* checking whether the package can be loaded ... OK
* checking whether the package can be loaded with stated dependencies ... OK
* checking whether the package can be unloaded cleanly ... OK
* checking whether the namespace can be loaded with stated dependencies ... OK
* checking whether the namespace can be unloaded cleanly ... OK
* checking loading without being on the library search path ... OK
* checking dependencies in R code ... WARNING
'::' or ':::' imports not declared from:
  ‘jsonlite’ ‘rmarkdown’ ‘yaml’ ‘zellkonverter’
'loadNamespace' or 'requireNamespace' calls not declared from:
  ‘jsonlite’ ‘yaml’ ‘zellkonverter’
* checking S3 generic/method consistency ... OK
* checking replacement functions ... OK
* checking foreign function calls ... OK
* checking R code for possible problems ... NOTE
generateSoupXReport: no visible global function definition for ‘nnzero’
generateSoupXReport: no visible global function definition for ‘ggsave’
plotChangeMap: no visible binding for global variable ‘relChange’
plotChangeMap: no visible global function definition for ‘xlab’
plotChangeMap: no visible global function definition for ‘ylab’
plotChangeMap: no visible global function definition for ‘ggtitle’
plotContaminationByCluster: no visible global function definition for
  ‘theme_minimal’
plotContaminationByCluster: no visible global function definition for
  ‘element_text’
plotContaminationByCluster: no visible binding for global variable
  ‘Mean’
plotContaminationByCluster: no visible binding for global variable ‘SE’
plotGeneContamination: no visible global function definition for
  ‘theme_minimal’
plotGeneContamination: no visible global function definition for
  ‘element_text’
plotGeneContamination: no visible binding for global variable ‘Change’
plotGeneContamination: no visible global function definition for
  ‘coord_flip’
plotMarkerDistribution: no visible binding for global variable
  ‘expCnts’
plotMarkerDistribution: no visible global function definition for
  ‘element_text’
plotMarkerDistribution: no visible global function definition for
  ‘ylab’
plotMarkerDistribution: no visible global function definition for
  ‘xlab’
plotMarkerMap: no visible global function definition for ‘aes_string’
plotMarkerMap: no visible global function definition for ‘xlab’
plotMarkerMap: no visible global function definition for ‘ylab’
plotQualityControl: no visible global function definition for
  ‘coord_flip’
plotQualityControl: no visible global function definition for
  ‘theme_minimal’
plotQualityControl: no visible global function definition for
  ‘element_text’
plotQualityControl: no visible global function definition for ‘nnzero’
plotSoupCorrelation: no visible global function definition for ‘ylab’
plotSoupCorrelation: no visible global function definition for ‘xlab’
Undefined global functions or variables:
  Change Mean SE aes_string coord_flip element_text expCnts ggsave
  ggtitle nnzero relChange theme_minimal xlab ylab
* checking Rd files ... OK
* checking Rd metadata ... OK
* checking Rd cross-references ... OK
* checking for missing documentation entries ... OK
* checking for code/documentation mismatches ... OK
* checking Rd \usage sections ... OK
* checking Rd contents ... OK
* checking for unstated dependencies in examples ... OK
* checking contents of ‘data’ directory ... OK
* checking data for non-ASCII characters ... OK
* checking LazyData ... OK
* checking data for ASCII and uncompressed saves ... OK
* checking installed files from ‘inst/doc’ ... OK
* checking files in ‘vignettes’ ... OK
* checking examples ... ERROR
Running examples in ‘SoupX-Ex.R’ failed
The error most likely occurred in:

> ### Name: adjustCounts
> ### Title: Remove background contamination from count matrix
> ### Aliases: adjustCounts
> 
> ### ** Examples
> 
> # Ensure contamination fraction is calculated first
> sc <- scToy
> # Set contamination fraction manually for the toy dataset
> sc <- setContaminationFraction(sc, 0.1)
> out = adjustCounts(sc)
Error: Contamination fractions must be calculated before this operation. Run autoEstCont(sc) or setContaminationFraction(sc,rho) first.
Execution halted
* checking for unstated dependencies in ‘tests’ ... OK
* checking tests ... SKIPPED
* checking package vignettes ... NOTE
Package has ‘vignettes’ subdirectory but apparently no vignettes.
Perhaps the ‘VignetteBuilder’ information is missing from the
DESCRIPTION file?
* DONE
Status: 1 ERROR, 3 WARNINGs, 4 NOTEs
